#
# A fatal error has been detected by the Java Runtime Environment:
#
#  EXCEPTION_ACCESS_VIOLATION (0xc0000005) at pc=0x000000005aa257a0, pid=1020, tid=9088
#
# JRE version: Java(TM) SE Runtime Environment (8.0_73-b02) (build 1.8.0_73-b02)
# Java VM: Java HotSpot(TM) 64-Bit Server VM (25.73-b02 mixed mode windows-amd64 compressed oops)
# Problematic frame:
# C  [jfxwebkit.dll+0x5957a0]
#
# Failed to write core dump. Minidumps are not enabled by default on client versions of Windows
#
# If you would like to submit a bug report, please visit:
#   http://bugreport.java.com/bugreport/crash.jsp
# The crash happened outside the Java Virtual Machine in native code.
# See problematic frame for where to report the bug.
#

---------------  T H R E A D  ---------------

Current thread (0x0000000018308000):  JavaThread "JavaFX Application Thread" [_thread_in_native, id=9088, stack(0x0000000019310000,0x0000000019410000)]

siginfo: ExceptionCode=0xc0000005, reading address 0x0000000000000390

Registers:
RAX=0x0000000000000001, RBX=0x000000003231fd90, RCX=0x0000000000000000, RDX=0x0000000021e35730
RSP=0x000000001940d758, RBP=0x0000000000000001, RSI=0x00000000272acd80, RDI=0x00000000272acd80
R8 =0x0000000000df4801, R9 =0x0000000000000000, R10=0x0000000000000000, R11=0x0000000000000064
R12=0x0000000000000000, R13=0x000000002fdcbf98, R14=0x000000001940db28, R15=0x0000000018308000
RIP=0x000000005aa257a0, EFLAGS=0x0000000000010297

Top of Stack: (sp=0x000000001940d758)
0x000000001940d758:   000000005ac3d94a 000000001940d749
0x000000001940d768:   0000000800000004 00005a46c45df200
0x000000001940d778:   0000000000000000 fffffffffffffffe
0x000000001940d788:   000000000000000a 000000001940db28
0x000000001940d798:   00000000188491a0 0000000018308000
0x000000001940d7a8:   000000002fdcbf98 00000000183081f8
0x000000001940d7b8:   0000000025dd0f28 000000001940d8c8
0x000000001940d7c8:   000000005cc6d6e0 00000000183081f8
0x000000001940d7d8:   000000001d455fc0 0000000000000017
0x000000001940d7e8:   0000000018308000 0000000025dd0f28
0x000000001940d7f8:   000000001940d840 0000000018308000
0x000000001940d808:   00007fff48e7c468 00000000271a7460
0x000000001940d818:   0000000000000000 00005a46c45df2fa
0x000000001940d828:   0000000000000000 000000002fdcbf98
0x000000001940d838:   000000000000000a 000000001d441270
0x000000001940d848:   0000000018308000 0000000000000000 

Instructions: (pc=0x000000005aa257a0)
0x000000005aa25780:   c7 44 24 20 00 00 00 00 48 8b cb e8 10 f0 c1 ff
0x000000005aa25790:   48 8b c3 48 83 c4 30 5b c3 cc cc cc cc cc cc cc
0x000000005aa257a0:   4c 8b 81 90 03 00 00 4d 85 c0 75 03 33 c0 c3 4d
0x000000005aa257b0:   8b 40 40 49 8b d0 4d 85 c0 74 71 4c 8b 0d f6 35 


Register to memory mapping:

RAX=0x0000000000000001 is an unknown value
RBX=0x000000003231fd90 is an unknown value
RCX=0x0000000000000000 is an unknown value
RDX=0x0000000021e35730 is an unknown value
RSP=0x000000001940d758 is pointing into the stack for thread: 0x0000000018308000
RBP=0x0000000000000001 is an unknown value
RSI=0x00000000272acd80 is an unknown value
RDI=0x00000000272acd80 is an unknown value
R8 =0x0000000000df4801 is an unknown value
R9 =0x0000000000000000 is an unknown value
R10=0x0000000000000000 is an unknown value
R11=0x0000000000000064 is an unknown value
R12=0x0000000000000000 is an unknown value
R13={method} {0x000000002fdcbfa0} 'twkDidFail' '(ILjava/lang/String;Ljava/lang/String;J)V' in 'com/sun/webkit/network/URLLoader'
R14=0x000000001940db28 is pointing into the stack for thread: 0x0000000018308000
R15=0x0000000018308000 is a thread


Stack: [0x0000000019310000,0x0000000019410000],  sp=0x000000001940d758,  free space=1013k
Native frames: (J=compiled Java code, j=interpreted, Vv=VM code, C=native code)
C  [jfxwebkit.dll+0x5957a0]

Java frames: (J=compiled Java code, j=interpreted, Vv=VM code)
j  com.sun.webkit.network.URLLoader.twkDidFail(ILjava/lang/String;Ljava/lang/String;J)V+0
j  com.sun.webkit.network.URLLoader.notifyDidFail(ILjava/lang/String;Ljava/lang/String;)V+62
j  com.sun.webkit.network.URLLoader.lambda$didFail$97(ILjava/lang/String;Ljava/lang/String;)V+11
j  com.sun.webkit.network.URLLoader$$Lambda$314.run()V+16
j  com.sun.javafx.application.PlatformImpl.lambda$null$173(Ljava/lang/Runnable;)Ljava/lang/Void;+1
j  com.sun.javafx.application.PlatformImpl$$Lambda$50.run()Ljava/lang/Object;+4
v  ~StubRoutines::call_stub
J 1657  java.security.AccessController.doPrivileged(Ljava/security/PrivilegedAction;Ljava/security/AccessControlContext;)Ljava/lang/Object; (0 bytes) @ 0x00000000035223a6 [0x0000000003522340+0x66]
j  com.sun.javafx.application.PlatformImpl.lambda$runLater$174(Ljava/lang/Runnable;Ljava/security/AccessControlContext;)V+7
j  com.sun.javafx.application.PlatformImpl$$Lambda$48.run()V+8
J 2498 C1 com.sun.glass.ui.InvokeLaterDispatcher$Future.run()V (91 bytes) @ 0x000000000371d88c [0x000000000371d780+0x10c]
v  ~StubRoutines::call_stub
j  com.sun.glass.ui.win.WinApplication._runLoop(Ljava/lang/Runnable;)V+0
j  com.sun.glass.ui.win.WinApplication.lambda$null$148(ILjava/lang/Runnable;)V+8
j  com.sun.glass.ui.win.WinApplication$$Lambda$38.run()V+12
j  java.lang.Thread.run()V+11
v  ~StubRoutines::call_stub

---------------  P R O C E S S  ---------------

Java Threads: ( => current thread )
  0x00000000189e6800 JavaThread "Keep-Alive-Timer" daemon [_thread_blocked, id=2560, stack(0x0000000034fd0000,0x00000000350d0000)]
  0x00000000189e3800 JavaThread "URL-Loader-13" daemon [_thread_in_native, id=6296, stack(0x0000000034ed0000,0x0000000034fd0000)]
  0x00000000189e5000 JavaThread "URL-Loader-12" daemon [_thread_in_native, id=2084, stack(0x0000000033e00000,0x0000000033f00000)]
  0x00000000189e8800 JavaThread "URL-Loader-11" daemon [_thread_in_native, id=4472, stack(0x0000000033d00000,0x0000000033e00000)]
  0x00000000189e1000 JavaThread "URL-Loader-10" daemon [_thread_in_native, id=3320, stack(0x0000000033c00000,0x0000000033d00000)]
  0x00000000189e2800 JavaThread "URL-Loader-9" daemon [_thread_in_native, id=5660, stack(0x0000000033b00000,0x0000000033c00000)]
  0x00000000189e8000 JavaThread "URL-Loader-8" daemon [_thread_blocked, id=5904, stack(0x0000000032cf0000,0x0000000032df0000)]
  0x00000000189e5800 JavaThread "Watchdog-Timer-1" daemon [_thread_blocked, id=3456, stack(0x0000000032ab0000,0x0000000032bb0000)]
  0x00000000189e4000 JavaThread "URL-Loader-7" daemon [_thread_blocked, id=11372, stack(0x00000000329b0000,0x0000000032ab0000)]
  0x00000000189e7000 JavaThread "URL-Loader-6" daemon [_thread_blocked, id=8184, stack(0x00000000328b0000,0x00000000329b0000)]
  0x0000000018bac000 JavaThread "Prism Font Disposer" daemon [_thread_blocked, id=1384, stack(0x00000000252d0000,0x00000000253d0000)]
  0x0000000018bb0800 JavaThread "Thread-58" [_thread_blocked, id=1908, stack(0x0000000021c70000,0x0000000021d70000)]
  0x0000000018bb0000 JavaThread "Thread-57" [_thread_blocked, id=9000, stack(0x0000000021b70000,0x0000000021c70000)]
  0x0000000018baf000 JavaThread "Thread-56" [_thread_blocked, id=8144, stack(0x0000000021a70000,0x0000000021b70000)]
  0x0000000018bab800 JavaThread "Thread-55" [_thread_blocked, id=5348, stack(0x0000000021970000,0x0000000021a70000)]
  0x0000000018bad800 JavaThread "Thread-54" [_thread_blocked, id=7432, stack(0x0000000021870000,0x0000000021970000)]
  0x0000000018bae800 JavaThread "Thread-53" [_thread_blocked, id=9496, stack(0x0000000021770000,0x0000000021870000)]
  0x0000000018ba3000 JavaThread "Thread-52" [_thread_blocked, id=10144, stack(0x0000000021670000,0x0000000021770000)]
  0x0000000018baa000 JavaThread "Thread-51" [_thread_blocked, id=808, stack(0x0000000021570000,0x0000000021670000)]
  0x0000000018ba9000 JavaThread "Thread-50" [_thread_blocked, id=7156, stack(0x0000000021470000,0x0000000021570000)]
  0x0000000018ba6000 JavaThread "Thread-49" [_thread_blocked, id=11300, stack(0x0000000021370000,0x0000000021470000)]
  0x0000000018ba7800 JavaThread "Thread-48" [_thread_blocked, id=9264, stack(0x0000000021270000,0x0000000021370000)]
  0x0000000018ba5800 JavaThread "Thread-47" [_thread_blocked, id=3612, stack(0x0000000021170000,0x0000000021270000)]
  0x0000000018ba4800 JavaThread "Thread-46" [_thread_blocked, id=2236, stack(0x0000000021070000,0x0000000021170000)]
  0x0000000018ba4000 JavaThread "Thread-45" [_thread_blocked, id=3324, stack(0x0000000020f70000,0x0000000021070000)]
  0x0000000018ba1800 JavaThread "Thread-44" [_thread_blocked, id=7668, stack(0x0000000020e70000,0x0000000020f70000)]
  0x0000000018ba7000 JavaThread "Thread-43" [_thread_blocked, id=720, stack(0x0000000020d70000,0x0000000020e70000)]
  0x0000000018ba8800 JavaThread "Thread-42" [_thread_blocked, id=11168, stack(0x0000000020c70000,0x0000000020d70000)]
  0x0000000018ba2800 JavaThread "Thread-41" [_thread_blocked, id=11256, stack(0x0000000020b70000,0x0000000020c70000)]
  0x0000000018b72800 JavaThread "Thread-40" [_thread_blocked, id=4196, stack(0x0000000020a70000,0x0000000020b70000)]
  0x0000000018b71800 JavaThread "Thread-39" [_thread_blocked, id=7148, stack(0x0000000020970000,0x0000000020a70000)]
  0x0000000018b71000 JavaThread "Thread-38" [_thread_blocked, id=3536, stack(0x0000000020870000,0x0000000020970000)]
  0x0000000018b70000 JavaThread "Thread-37" [_thread_blocked, id=6192, stack(0x0000000020770000,0x0000000020870000)]
  0x0000000018b6f800 JavaThread "Thread-36" [_thread_blocked, id=8296, stack(0x0000000020670000,0x0000000020770000)]
  0x0000000018b73000 JavaThread "Thread-35" [_thread_blocked, id=9632, stack(0x0000000020570000,0x0000000020670000)]
  0x0000000018b74800 JavaThread "Thread-34" [_thread_blocked, id=8288, stack(0x0000000020470000,0x0000000020570000)]
  0x0000000018b74000 JavaThread "Thread-33" [_thread_blocked, id=9420, stack(0x0000000020370000,0x0000000020470000)]
  0x0000000018b75800 JavaThread "Thread-32" [_thread_blocked, id=9256, stack(0x0000000020270000,0x0000000020370000)]
  0x0000000018b68800 JavaThread "Thread-31" [_thread_blocked, id=5208, stack(0x0000000020170000,0x0000000020270000)]
  0x0000000018b6e800 JavaThread "Thread-30" [_thread_blocked, id=10328, stack(0x0000000020070000,0x0000000020170000)]
  0x0000000018b6d800 JavaThread "Thread-29" [_thread_blocked, id=10436, stack(0x000000001ff70000,0x0000000020070000)]
  0x0000000018b6c000 JavaThread "Thread-28" [_thread_blocked, id=4836, stack(0x000000001fe70000,0x000000001ff70000)]
  0x0000000018b6b800 JavaThread "Thread-27" [_thread_blocked, id=4420, stack(0x000000001fd70000,0x000000001fe70000)]
  0x0000000018b6a000 JavaThread "Thread-26" [_thread_blocked, id=12076, stack(0x000000001fc70000,0x000000001fd70000)]
  0x0000000018b6d000 JavaThread "Thread-25" [_thread_blocked, id=3024, stack(0x000000001fb70000,0x000000001fc70000)]
  0x0000000018b66000 JavaThread "Thread-24" [_thread_blocked, id=1680, stack(0x000000001fa70000,0x000000001fb70000)]
  0x0000000018b67000 JavaThread "Thread-23" [_thread_blocked, id=11088, stack(0x000000001f970000,0x000000001fa70000)]
  0x0000000018b6a800 JavaThread "Thread-22" [_thread_blocked, id=8096, stack(0x000000001f870000,0x000000001f970000)]
  0x0000000018b69000 JavaThread "Thread-21" [_thread_blocked, id=11652, stack(0x000000001f770000,0x000000001f870000)]
  0x0000000018b67800 JavaThread "Thread-20" [_thread_blocked, id=1324, stack(0x000000001f670000,0x000000001f770000)]
  0x00000000188de800 JavaThread "Thread-19" [_thread_blocked, id=7748, stack(0x000000001f570000,0x000000001f670000)]
  0x00000000188df800 JavaThread "Thread-18" [_thread_blocked, id=11588, stack(0x000000001f470000,0x000000001f570000)]
  0x00000000188d9800 JavaThread "Thread-17" [_thread_blocked, id=9380, stack(0x000000001f370000,0x000000001f470000)]
  0x00000000188db000 JavaThread "Thread-16" [_thread_blocked, id=9376, stack(0x000000001f270000,0x000000001f370000)]
  0x00000000188d8800 JavaThread "Thread-15" [_thread_blocked, id=8848, stack(0x000000001f170000,0x000000001f270000)]
  0x00000000188dd000 JavaThread "Thread-14" [_thread_blocked, id=9808, stack(0x000000001f070000,0x000000001f170000)]
  0x00000000188dc800 JavaThread "Thread-13" [_thread_blocked, id=4452, stack(0x000000001ef70000,0x000000001f070000)]
  0x00000000188db800 JavaThread "Thread-12" [_thread_blocked, id=12284, stack(0x000000001ee70000,0x000000001ef70000)]
  0x00000000188da000 JavaThread "Thread-11" [_thread_blocked, id=10228, stack(0x000000001ed70000,0x000000001ee70000)]
  0x00000000188de000 JavaThread "Thread-10" [_thread_blocked, id=2924, stack(0x000000001ec70000,0x000000001ed70000)]
  0x0000000018a71000 JavaThread "Thread-9" [_thread_blocked, id=9972, stack(0x000000001eb70000,0x000000001ec70000)]
  0x0000000018a53000 JavaThread "Thread-8" [_thread_in_native, id=1536, stack(0x000000001ea70000,0x000000001eb70000)]
  0x0000000018a52800 JavaThread "Thread-5" [_thread_in_Java, id=10464, stack(0x000000001e970000,0x000000001ea70000)]
  0x000000001893b000 JavaThread "Thread-7" [_thread_in_native, id=6348, stack(0x000000001e770000,0x000000001e870000)]
  0x0000000018c0a800 JavaThread "Timer-0" [_thread_blocked, id=11728, stack(0x000000001e5d0000,0x000000001e6d0000)]
  0x000000001893f800 JavaThread "Disposer" daemon [_thread_blocked, id=2992, stack(0x000000001e4b0000,0x000000001e5b0000)]
  0x0000000018847800 JavaThread "Thread-3" daemon [_thread_in_native, id=8356, stack(0x000000001d9b0000,0x000000001dab0000)]
  0x0000000018321000 JavaThread "JavaFX-Launcher" [_thread_blocked, id=4724, stack(0x000000001dab0000,0x000000001dbb0000)]
=>0x0000000018308000 JavaThread "JavaFX Application Thread" [_thread_in_native, id=9088, stack(0x0000000019310000,0x0000000019410000)]
  0x0000000018301800 JavaThread "Thread-1" daemon [_thread_blocked, id=8448, stack(0x0000000019210000,0x0000000019310000)]
  0x00000000182f7000 JavaThread "QuantumRenderer-0" daemon [_thread_blocked, id=1108, stack(0x0000000018f30000,0x0000000019030000)]
  0x0000000017fb2000 JavaThread "Service Thread" daemon [_thread_blocked, id=7420, stack(0x0000000018530000,0x0000000018630000)]
  0x0000000017f35800 JavaThread "C1 CompilerThread2" daemon [_thread_blocked, id=6772, stack(0x0000000018430000,0x0000000018530000)]
  0x000000001693e000 JavaThread "C2 CompilerThread1" daemon [_thread_blocked, id=12004, stack(0x0000000018330000,0x0000000018430000)]
  0x000000001693a800 JavaThread "C2 CompilerThread0" daemon [_thread_blocked, id=7676, stack(0x0000000017e30000,0x0000000017f30000)]
  0x00000000168f0000 JavaThread "Attach Listener" daemon [_thread_blocked, id=7040, stack(0x0000000017d30000,0x0000000017e30000)]
  0x00000000168ef000 JavaThread "Signal Dispatcher" daemon [_thread_blocked, id=11092, stack(0x0000000017c30000,0x0000000017d30000)]
  0x0000000003017800 JavaThread "Finalizer" daemon [_thread_blocked, id=2968, stack(0x0000000017b30000,0x0000000017c30000)]
  0x00000000168a9000 JavaThread "Reference Handler" daemon [_thread_blocked, id=764, stack(0x0000000017a30000,0x0000000017b30000)]
  0x0000000002f21000 JavaThread "main" [_thread_blocked, id=7192, stack(0x0000000002e20000,0x0000000002f20000)]

Other Threads:
  0x00000000168a7800 VMThread [stack: 0x0000000017930000,0x0000000017a30000] [id=5376]
  0x0000000018005000 WatcherThread [stack: 0x0000000018630000,0x0000000018730000] [id=3952]

VM state:not at safepoint (normal execution)

VM Mutex/Monitor currently owned by a thread: None

Heap:
 PSYoungGen      total 516608K, used 496723K [0x00000000e0700000, 0x0000000100000000, 0x0000000100000000)
  eden space 516096K, 96% used [0x00000000e0700000,0x00000000fec14cf0,0x00000000fff00000)
  from space 512K, 0% used [0x00000000fff80000,0x00000000fff80000,0x0000000100000000)
  to   space 512K, 0% used [0x00000000fff00000,0x00000000fff00000,0x00000000fff80000)
 ParOldGen       total 40960K, used 21387K [0x00000000a1400000, 0x00000000a3c00000, 0x00000000e0700000)
  object space 40960K, 52% used [0x00000000a1400000,0x00000000a28e2f10,0x00000000a3c00000)
 Metaspace       used 24347K, capacity 25524K, committed 25728K, reserved 1071104K
  class space    used 3326K, capacity 3589K, committed 3712K, reserved 1048576K

Card table byte_map: [0x00000000123e0000,0x00000000126e0000] byte_map_base: 0x0000000011ed6000

Marking Bits: (ParMarkBitMap*) 0x000000005d330600
 Begin Bits: [0x0000000012ce0000, 0x0000000014490000)
 End Bits:   [0x0000000014490000, 0x0000000015c40000)

Polling page: 0x00000000029d0000

CodeCache: size=245760Kb used=10014Kb max_used=10027Kb free=235745Kb
 bounds [0x0000000003020000, 0x0000000003a00000, 0x0000000012020000]
 total_blobs=4116 nmethods=3350 adapters=676
 compilation: enabled

Compilation events (10 events):
Event: 66.767 Thread 0x0000000017f35800 nmethod 3870 0x00000000039ed910 code [0x00000000039eda80, 0x00000000039edce8]
Event: 66.768 Thread 0x0000000017f35800 3871       3       java.util.HashMap$KeyIterator::<init> (11 bytes)
Event: 66.768 Thread 0x0000000017f35800 nmethod 3871 0x00000000039eddd0 code [0x00000000039edf40, 0x00000000039ee0e8]
Event: 66.780 Thread 0x0000000017f35800 3872       3       java.net.URI::access$3400 (4 bytes)
Event: 66.781 Thread 0x0000000017f35800 nmethod 3872 0x00000000039ee190 code [0x00000000039ee2e0, 0x00000000039ee410]
Event: 66.781 Thread 0x0000000017f35800 3873       3       java.net.URI::access$3300 (4 bytes)
Event: 66.781 Thread 0x0000000017f35800 nmethod 3873 0x00000000039ee490 code [0x00000000039ee5e0, 0x00000000039ee710]
Event: 66.784 Thread 0x0000000017f35800 3874       3       java.util.zip.ZipFile$ZipFileInflaterInputStream::finalize (5 bytes)
Event: 66.784 Thread 0x0000000017f35800 nmethod 3874 0x00000000039ee790 code [0x00000000039ee900, 0x00000000039eeaa8]
Event: 66.863 Thread 0x000000001693a800 nmethod 3816 0x00000000039f1a10 code [0x00000000039f1d00, 0x00000000039f3ef0]

GC Heap History (10 events):
Event: 69.922 GC heap before
{Heap before GC invocations=1505 (full 1):
 PSYoungGen      total 516608K, used 516160K [0x00000000e0700000, 0x0000000100000000, 0x0000000100000000)
  eden space 516096K, 100% used [0x00000000e0700000,0x00000000fff00000,0x00000000fff00000)
  from space 512K, 12% used [0x00000000fff00000,0x00000000fff10000,0x00000000fff80000)
  to   space 512K, 0% used [0x00000000fff80000,0x00000000fff80000,0x0000000100000000)
 ParOldGen       total 40960K, used 21363K [0x00000000a1400000, 0x00000000a3c00000, 0x00000000e0700000)
  object space 40960K, 52% used [0x00000000a1400000,0x00000000a28dcf10,0x00000000a3c00000)
 Metaspace       used 24347K, capacity 25524K, committed 25728K, reserved 1071104K
  class space    used 3326K, capacity 3589K, committed 3712K, reserved 1048576K
Event: 69.923 GC heap after
Heap after GC invocations=1505 (full 1):
 PSYoungGen      total 516608K, used 64K [0x00000000e0700000, 0x0000000100000000, 0x0000000100000000)
  eden space 516096K, 0% used [0x00000000e0700000,0x00000000e0700000,0x00000000fff00000)
  from space 512K, 12% used [0x00000000fff80000,0x00000000fff90000,0x0000000100000000)
  to   space 512K, 0% used [0x00000000fff00000,0x00000000fff00000,0x00000000fff80000)
 ParOldGen       total 40960K, used 21363K [0x00000000a1400000, 0x00000000a3c00000, 0x00000000e0700000)
  object space 40960K, 52% used [0x00000000a1400000,0x00000000a28dcf10,0x00000000a3c00000)
 Metaspace       used 24347K, capacity 25524K, committed 25728K, reserved 1071104K
  class space    used 3326K, capacity 3589K, committed 3712K, reserved 1048576K
}
Event: 69.960 GC heap before
{Heap before GC invocations=1506 (full 1):
 PSYoungGen      total 516608K, used 516160K [0x00000000e0700000, 0x0000000100000000, 0x0000000100000000)
  eden space 516096K, 100% used [0x00000000e0700000,0x00000000fff00000,0x00000000fff00000)
  from space 512K, 12% used [0x00000000fff80000,0x00000000fff90000,0x0000000100000000)
  to   space 512K, 0% used [0x00000000fff00000,0x00000000fff00000,0x00000000fff80000)
 ParOldGen       total 40960K, used 21363K [0x00000000a1400000, 0x00000000a3c00000, 0x00000000e0700000)
  object space 40960K, 52% used [0x00000000a1400000,0x00000000a28dcf10,0x00000000a3c00000)
 Metaspace       used 24347K, capacity 25524K, committed 25728K, reserved 1071104K
  class space    used 3326K, capacity 3589K, committed 3712K, reserved 1048576K
Event: 69.961 GC heap after
Heap after GC invocations=1506 (full 1):
 PSYoungGen      total 516608K, used 64K [0x00000000e0700000, 0x0000000100000000, 0x0000000100000000)
  eden space 516096K, 0% used [0x00000000e0700000,0x00000000e0700000,0x00000000fff00000)
  from space 512K, 12% used [0x00000000fff00000,0x00000000fff10000,0x00000000fff80000)
  to   space 512K, 0% used [0x00000000fff80000,0x00000000fff80000,0x0000000100000000)
 ParOldGen       total 40960K, used 21363K [0x00000000a1400000, 0x00000000a3c00000, 0x00000000e0700000)
  object space 40960K, 52% used [0x00000000a1400000,0x00000000a28dcf10,0x00000000a3c00000)
 Metaspace       used 24347K, capacity 25524K, committed 25728K, reserved 1071104K
  class space    used 3326K, capacity 3589K, committed 3712K, reserved 1048576K
}
Event: 69.998 GC heap before
{Heap before GC invocations=1507 (full 1):
 PSYoungGen      total 516608K, used 516160K [0x00000000e0700000, 0x0000000100000000, 0x0000000100000000)
  eden space 516096K, 100% used [0x00000000e0700000,0x00000000fff00000,0x00000000fff00000)
  from space 512K, 12% used [0x00000000fff00000,0x00000000fff10000,0x00000000fff80000)
  to   space 512K, 0% used [0x00000000fff80000,0x00000000fff80000,0x0000000100000000)
 ParOldGen       total 40960K, used 21363K [0x00000000a1400000, 0x00000000a3c00000, 0x00000000e0700000)
  object space 40960K, 52% used [0x00000000a1400000,0x00000000a28dcf10,0x00000000a3c00000)
 Metaspace       used 24347K, capacity 25524K, committed 25728K, reserved 1071104K
  class space    used 3326K, capacity 3589K, committed 3712K, reserved 1048576K
Event: 69.999 GC heap after
Heap after GC invocations=1507 (full 1):
 PSYoungGen      total 516608K, used 64K [0x00000000e0700000, 0x0000000100000000, 0x0000000100000000)
  eden space 516096K, 0% used [0x00000000e0700000,0x00000000e0700000,0x00000000fff00000)
  from space 512K, 12% used [0x00000000fff80000,0x00000000fff90000,0x0000000100000000)
  to   space 512K, 0% used [0x00000000fff00000,0x00000000fff00000,0x00000000fff80000)
 ParOldGen       total 40960K, used 21363K [0x00000000a1400000, 0x00000000a3c00000, 0x00000000e0700000)
  object space 40960K, 52% used [0x00000000a1400000,0x00000000a28dcf10,0x00000000a3c00000)
 Metaspace       used 24347K, capacity 25524K, committed 25728K, reserved 1071104K
  class space    used 3326K, capacity 3589K, committed 3712K, reserved 1048576K
}
Event: 70.038 GC heap before
{Heap before GC invocations=1508 (full 1):
 PSYoungGen      total 516608K, used 516160K [0x00000000e0700000, 0x0000000100000000, 0x0000000100000000)
  eden space 516096K, 100% used [0x00000000e0700000,0x00000000fff00000,0x00000000fff00000)
  from space 512K, 12% used [0x00000000fff80000,0x00000000fff90000,0x0000000100000000)
  to   space 512K, 0% used [0x00000000fff00000,0x00000000fff00000,0x00000000fff80000)
 ParOldGen       total 40960K, used 21363K [0x00000000a1400000, 0x00000000a3c00000, 0x00000000e0700000)
  object space 40960K, 52% used [0x00000000a1400000,0x00000000a28dcf10,0x00000000a3c00000)
 Metaspace       used 24347K, capacity 25524K, committed 25728K, reserved 1071104K
  class space    used 3326K, capacity 3589K, committed 3712K, reserved 1048576K
Event: 70.039 GC heap after
Heap after GC invocations=1508 (full 1):
 PSYoungGen      total 516608K, used 96K [0x00000000e0700000, 0x0000000100000000, 0x0000000100000000)
  eden space 516096K, 0% used [0x00000000e0700000,0x00000000e0700000,0x00000000fff00000)
  from space 512K, 18% used [0x00000000fff00000,0x00000000fff18000,0x00000000fff80000)
  to   space 512K, 0% used [0x00000000fff80000,0x00000000fff80000,0x0000000100000000)
 ParOldGen       total 40960K, used 21363K [0x00000000a1400000, 0x00000000a3c00000, 0x00000000e0700000)
  object space 40960K, 52% used [0x00000000a1400000,0x00000000a28dcf10,0x00000000a3c00000)
 Metaspace       used 24347K, capacity 25524K, committed 25728K, reserved 1071104K
  class space    used 3326K, capacity 3589K, committed 3712K, reserved 1048576K
}
Event: 70.078 GC heap before
{Heap before GC invocations=1509 (full 1):
 PSYoungGen      total 516608K, used 516192K [0x00000000e0700000, 0x0000000100000000, 0x0000000100000000)
  eden space 516096K, 100% used [0x00000000e0700000,0x00000000fff00000,0x00000000fff00000)
  from space 512K, 18% used [0x00000000fff00000,0x00000000fff18000,0x00000000fff80000)
  to   space 512K, 0% used [0x00000000fff80000,0x00000000fff80000,0x0000000100000000)
 ParOldGen       total 40960K, used 21363K [0x00000000a1400000, 0x00000000a3c00000, 0x00000000e0700000)
  object space 40960K, 52% used [0x00000000a1400000,0x00000000a28dcf10,0x00000000a3c00000)
 Metaspace       used 24347K, capacity 25524K, committed 25728K, reserved 1071104K
  class space    used 3326K, capacity 3589K, committed 3712K, reserved 1048576K
Event: 70.079 GC heap after
Heap after GC invocations=1509 (full 1):
 PSYoungGen      total 516608K, used 0K [0x00000000e0700000, 0x0000000100000000, 0x0000000100000000)
  eden space 516096K, 0% used [0x00000000e0700000,0x00000000e0700000,0x00000000fff00000)
  from space 512K, 0% used [0x00000000fff80000,0x00000000fff80000,0x0000000100000000)
  to   space 512K, 0% used [0x00000000fff00000,0x00000000fff00000,0x00000000fff80000)
 ParOldGen       total 40960K, used 21387K [0x00000000a1400000, 0x00000000a3c00000, 0x00000000e0700000)
  object space 40960K, 52% used [0x00000000a1400000,0x00000000a28e2f10,0x00000000a3c00000)
 Metaspace       used 24347K, capacity 25524K, committed 25728K, reserved 1071104K
  class space    used 3326K, capacity 3589K, committed 3712K, reserved 1048576K
}

Deoptimization events (10 events):
Event: 65.993 Thread 0x00000000189e3800 Uncommon trap: reason=unstable_if action=reinterpret pc=0x0000000003694990 method=java.util.regex.Pattern.has(I)Z @ 6
Event: 66.473 Thread 0x00000000189e3800 Uncommon trap: reason=unstable_if action=reinterpret pc=0x00000000032ed148 method=java.util.zip.ZipCoder.decoder()Ljava/nio/charset/CharsetDecoder; @ 4
Event: 66.488 Thread 0x00000000189e3800 Uncommon trap: reason=unstable_if action=reinterpret pc=0x00000000038df050 method=java.io.ByteArrayInputStream.read()I @ 8
Event: 66.567 Thread 0x00000000189e3800 Uncommon trap: reason=unstable_if action=reinterpret pc=0x00000000032e4948 method=java.util.zip.ZipFile$ZipEntryIterator.hasNext()Z @ 25
Event: 66.569 Thread 0x00000000189e3800 Uncommon trap: reason=unstable_if action=reinterpret pc=0x00000000032eab44 method=java.util.zip.ZipCoder.decoder()Ljava/nio/charset/CharsetDecoder; @ 4
Event: 66.576 Thread 0x00000000189e3800 Uncommon trap: reason=unstable_if action=reinterpret pc=0x00000000037b5170 method=java.util.concurrent.ConcurrentHashMap.putVal(Ljava/lang/Object;Ljava/lang/Object;Z)Ljava/lang/Object; @ 181
Event: 66.578 Thread 0x00000000189e3800 Uncommon trap: reason=unstable_if action=reinterpret pc=0x00000000032e429c method=java.util.zip.ZipFile$ZipEntryIterator.hasNext()Z @ 25
Event: 66.584 Thread 0x00000000189e3800 Uncommon trap: reason=unstable_if action=reinterpret pc=0x00000000032e09d0 method=java.util.zip.ZipCoder.decoder()Ljava/nio/charset/CharsetDecoder; @ 4
Event: 66.595 Thread 0x00000000189e3800 Uncommon trap: reason=unstable_if action=reinterpret pc=0x00000000032e3c1c method=java.util.zip.ZipFile$ZipEntryIterator.hasNext()Z @ 25
Event: 66.668 Thread 0x00000000189e3800 Uncommon trap: reason=unstable_if action=reinterpret pc=0x00000000032dc5dc method=java.util.zip.ZipCoder.decoder()Ljava/nio/charset/CharsetDecoder; @ 4

Internal exceptions (10 events):
Event: 60.362 Thread 0x00000000189e8800 Exception <a 'java/net/SocketTimeoutException': connect timed out> (0x00000000e123a400) thrown at [D:\re\puppet\workspace\8-2-build-windows-amd64-cygwin\jdk8u73\6086\hotspot\src\share\vm\prims\jni.cpp, line 735]
Event: 60.367 Thread 0x00000000189e5000 Exception <a 'java/net/SocketTimeoutException': connect timed out> (0x00000000e509e0d0) thrown at [D:\re\puppet\workspace\8-2-build-windows-amd64-cygwin\jdk8u73\6086\hotspot\src\share\vm\prims\jni.cpp, line 735]
Event: 60.367 Thread 0x00000000189e2800 Exception <a 'java/net/SocketTimeoutException': connect timed out> (0x00000000e4fece08) thrown at [D:\re\puppet\workspace\8-2-build-windows-amd64-cygwin\jdk8u73\6086\hotspot\src\share\vm\prims\jni.cpp, line 735]
Event: 62.508 Thread 0x00000000189e7000 Exception <a 'java/net/SocketTimeoutException': connect timed out> (0x00000000e399b290) thrown at [D:\re\puppet\workspace\8-2-build-windows-amd64-cygwin\jdk8u73\6086\hotspot\src\share\vm\prims\jni.cpp, line 735]
Event: 62.639 Thread 0x00000000189e4000 Exception <a 'java/net/SocketTimeoutException': connect timed out> (0x00000000ff5e6e00) thrown at [D:\re\puppet\workspace\8-2-build-windows-amd64-cygwin\jdk8u73\6086\hotspot\src\share\vm\prims\jni.cpp, line 735]
Event: 66.472 Thread 0x00000000189e3800 Implicit null exception at 0x00000000032ec677 to 0x00000000032ed129
Event: 66.568 Thread 0x00000000189e3800 Implicit null exception at 0x00000000032ea15b to 0x00000000032eab09
Event: 66.584 Thread 0x00000000189e3800 Implicit null exception at 0x00000000032e03a9 to 0x00000000032e09b5
Event: 66.668 Thread 0x00000000189e3800 Implicit null exception at 0x00000000032dc17d to 0x00000000032dc5cd
Event: 70.012 Thread 0x00000000189e8000 Exception <a 'java/net/SocketTimeoutException': connect timed out> (0x00000000ec7104c8) thrown at [D:\re\puppet\workspace\8-2-build-windows-amd64-cygwin\jdk8u73\6086\hotspot\src\share\vm\prims\jni.cpp, line 735]

Events (10 events):
Event: 69.922 Executing VM operation: ParallelGCFailedAllocation
Event: 69.923 Executing VM operation: ParallelGCFailedAllocation done
Event: 69.960 Executing VM operation: ParallelGCFailedAllocation
Event: 69.961 Executing VM operation: ParallelGCFailedAllocation done
Event: 69.998 Executing VM operation: ParallelGCFailedAllocation
Event: 69.999 Executing VM operation: ParallelGCFailedAllocation done
Event: 70.038 Executing VM operation: ParallelGCFailedAllocation
Event: 70.039 Executing VM operation: ParallelGCFailedAllocation done
Event: 70.078 Executing VM operation: ParallelGCFailedAllocation
Event: 70.079 Executing VM operation: ParallelGCFailedAllocation done


Dynamic libraries:
0x00007ff70aeb0000 - 0x00007ff70aee7000 	C:\Program Files\Java\jdk1.8.0_73\bin\javaw.exe
0x00007fff48e40000 - 0x00007fff49011000 	C:\WINDOWS\SYSTEM32\ntdll.dll
0x00007fff48580000 - 0x00007fff4862b000 	C:\WINDOWS\System32\KERNEL32.DLL
0x00007fff45670000 - 0x00007fff4588d000 	C:\WINDOWS\System32\KERNELBASE.dll
0x00007fff47f20000 - 0x00007fff47fc2000 	C:\WINDOWS\System32\ADVAPI32.dll
0x00007fff48740000 - 0x00007fff487de000 	C:\WINDOWS\System32\msvcrt.dll
0x00007fff46410000 - 0x00007fff46469000 	C:\WINDOWS\System32\sechost.dll
0x00007fff48c10000 - 0x00007fff48d31000 	C:\WINDOWS\System32\RPCRT4.dll
0x00007fff46470000 - 0x00007fff465d5000 	C:\WINDOWS\System32\USER32.dll
0x00007fff45a90000 - 0x00007fff45aae000 	C:\WINDOWS\System32\win32u.dll
0x00007fff463d0000 - 0x00007fff46404000 	C:\WINDOWS\System32\GDI32.dll
0x00007fff46240000 - 0x00007fff463c2000 	C:\WINDOWS\System32\gdi32full.dll
0x00007fff3b030000 - 0x00007fff3b2a9000 	C:\WINDOWS\WinSxS\amd64_microsoft.windows.common-controls_6595b64144ccf1df_6.0.14393.447_none_42191651c6827bb3\COMCTL32.dll
0x00007fff481e0000 - 0x00007fff484a7000 	C:\WINDOWS\System32\combase.dll
0x00007fff458e0000 - 0x00007fff459d5000 	C:\WINDOWS\System32\ucrtbase.dll
0x00007fff45600000 - 0x00007fff4566a000 	C:\WINDOWS\System32\bcryptPrimitives.dll
0x00007fff48a40000 - 0x00007fff48a6e000 	C:\WINDOWS\System32\IMM32.DLL
0x000000005d3b0000 - 0x000000005d482000 	C:\Program Files\Java\jdk1.8.0_73\jre\bin\msvcr100.dll
0x000000005cb20000 - 0x000000005d3b0000 	C:\Program Files\Java\jdk1.8.0_73\jre\bin\server\jvm.dll
0x00007fff48570000 - 0x00007fff48578000 	C:\WINDOWS\System32\PSAPI.DLL
0x00007fff438d0000 - 0x00007fff438f3000 	C:\WINDOWS\SYSTEM32\WINMM.dll
0x00007fff35090000 - 0x00007fff35099000 	C:\WINDOWS\SYSTEM32\WSOCK32.dll
0x00007fff379a0000 - 0x00007fff379aa000 	C:\WINDOWS\SYSTEM32\VERSION.dll
0x00007fff436c0000 - 0x00007fff436eb000 	C:\WINDOWS\SYSTEM32\WINMMBASE.dll
0x00007fff48630000 - 0x00007fff4869a000 	C:\WINDOWS\System32\WS2_32.dll
0x00007fff45890000 - 0x00007fff458d2000 	C:\WINDOWS\System32\cfgmgr32.dll
0x000000005cb10000 - 0x000000005cb1f000 	C:\Program Files\Java\jdk1.8.0_73\jre\bin\verify.dll
0x000000005cae0000 - 0x000000005cb09000 	C:\Program Files\Java\jdk1.8.0_73\jre\bin\java.dll
0x000000005cac0000 - 0x000000005cad6000 	C:\Program Files\Java\jdk1.8.0_73\jre\bin\zip.dll
0x00007fff465e0000 - 0x00007fff47ae9000 	C:\WINDOWS\System32\SHELL32.dll
0x00007fff45ab0000 - 0x00007fff4618a000 	C:\WINDOWS\System32\windows.storage.dll
0x00007fff452c0000 - 0x00007fff4530c000 	C:\WINDOWS\System32\powrprof.dll
0x00007fff47fd0000 - 0x00007fff48022000 	C:\WINDOWS\System32\shlwapi.dll
0x00007fff452b0000 - 0x00007fff452bf000 	C:\WINDOWS\System32\kernel.appcore.dll
0x00007fff459e0000 - 0x00007fff45a89000 	C:\WINDOWS\System32\shcore.dll
0x00007fff45310000 - 0x00007fff45324000 	C:\WINDOWS\System32\profapi.dll
0x00007fff15300000 - 0x00007fff153ef000 	C:\Program Files\Java\jdk1.8.0_73\jre\bin\msvcr120.dll
0x00007fff1f030000 - 0x00007fff1f0d6000 	C:\Program Files\Java\jdk1.8.0_73\jre\bin\msvcp120.dll
0x000000005ca90000 - 0x000000005cab3000 	C:\Program Files\Java\jdk1.8.0_73\jre\bin\prism_d3d.dll
0x00007fff26dc0000 - 0x00007fff26f4d000 	C:\WINDOWS\system32\d3d9.dll
0x00007fff43690000 - 0x00007fff436b6000 	C:\WINDOWS\SYSTEM32\dwmapi.dll
0x00007fff43ab0000 - 0x00007fff43b45000 	C:\WINDOWS\system32\uxtheme.dll
0x00007fff04b10000 - 0x00007fff06d48000 	C:\WINDOWS\SYSTEM32\igdumdim64.dll
0x00007fff47af0000 - 0x00007fff47f19000 	C:\WINDOWS\System32\SETUPAPI.dll
0x00007fff484b0000 - 0x00007fff4856f000 	C:\WINDOWS\System32\OLEAUT32.dll
0x00007fff45390000 - 0x00007fff4542c000 	C:\WINDOWS\System32\msvcp_win.dll
0x00007fff48090000 - 0x00007fff481c7000 	C:\WINDOWS\System32\ole32.dll
0x000000005ca40000 - 0x000000005ca83000 	C:\Program Files\Java\jdk1.8.0_73\jre\bin\glass.dll
0x00007fff48d40000 - 0x00007fff48e3a000 	C:\WINDOWS\System32\COMDLG32.dll
0x00007fff487e0000 - 0x00007fff4893b000 	C:\WINDOWS\System32\MSCTF.dll
0x00007fff3c260000 - 0x00007fff3cc64000 	C:\WINDOWS\SYSTEM32\igdusc64.dll
0x000000005ca20000 - 0x000000005ca34000 	C:\Program Files\Java\jdk1.8.0_73\jre\bin\javafx_font.dll
0x00007fff3d690000 - 0x00007fff3d8f9000 	C:\WINDOWS\SYSTEM32\dwrite.dll
0x000000005a490000 - 0x000000005ca1d000 	C:\Program Files\Java\jdk1.8.0_73\jre\bin\jfxwebkit.dll
0x00007fff44d10000 - 0x00007fff44d27000 	C:\WINDOWS\SYSTEM32\CRYPTSP.dll
0x00007fff44c20000 - 0x00007fff44c53000 	C:\WINDOWS\system32\rsaenh.dll
0x00007fff451e0000 - 0x00007fff4520b000 	C:\WINDOWS\SYSTEM32\bcrypt.dll
0x00007fff44d30000 - 0x00007fff44d3b000 	C:\WINDOWS\SYSTEM32\CRYPTBASE.dll
0x000000005a470000 - 0x000000005a48a000 	C:\Program Files\Java\jdk1.8.0_73\jre\bin\net.dll
0x00007fff44a20000 - 0x00007fff44a7c000 	C:\WINDOWS\system32\mswsock.dll
0x00007fff33d30000 - 0x00007fff33d46000 	C:\WINDOWS\system32\napinsp.dll
0x00007fff33de0000 - 0x00007fff33dfa000 	C:\WINDOWS\system32\pnrpnsp.dll
0x00007fff42190000 - 0x00007fff421a8000 	C:\WINDOWS\system32\NLAapi.dll
0x00007fff447f0000 - 0x00007fff44890000 	C:\WINDOWS\SYSTEM32\DNSAPI.dll
0x00007fff48940000 - 0x00007fff48948000 	C:\WINDOWS\System32\NSI.dll
0x00007fff447b0000 - 0x00007fff447e8000 	C:\WINDOWS\SYSTEM32\IPHLPAPI.DLL
0x00007fff350a0000 - 0x00007fff350ae000 	C:\WINDOWS\System32\winrnr.dll
0x000000005f4e0000 - 0x000000005f506000 	C:\Program Files\Bonjour\mdnsNSP.dll
0x00007fff340c0000 - 0x00007fff340d5000 	C:\WINDOWS\System32\wshbth.dll
0x00007fff3eae0000 - 0x00007fff3eaea000 	C:\Windows\System32\rasadhlp.dll
0x00007fff3c180000 - 0x00007fff3c1ea000 	C:\WINDOWS\System32\fwpuclnt.dll
0x00007fff486a0000 - 0x00007fff4873f000 	C:\WINDOWS\System32\clbcatq.dll
0x00007fff42bf0000 - 0x00007fff42d98000 	C:\WINDOWS\SYSTEM32\WindowsCodecs.dll
0x00007fff37e30000 - 0x00007fff37e79000 	C:\WINDOWS\system32\dataexchange.dll
0x00007fff434e0000 - 0x00007fff43631000 	C:\WINDOWS\system32\dcomp.dll
0x00007fff42930000 - 0x00007fff42be6000 	C:\WINDOWS\system32\d3d11.dll
0x00007fff44230000 - 0x00007fff442cf000 	C:\WINDOWS\system32\dxgi.dll
0x00007fff43c70000 - 0x00007fff43d8c000 	C:\WINDOWS\system32\twinapi.appcore.dll
0x00007fff313b0000 - 0x00007fff313e2000 	C:\Program Files\Common Files\Microsoft Shared\Ink\rtscom.dll
0x000000005a450000 - 0x000000005a461000 	C:\Program Files\Java\jdk1.8.0_73\jre\bin\prism_common.dll
0x00007fff2c610000 - 0x00007fff2c7fa000 	C:\WINDOWS\system32\sogoutsf.ime
0x00007fff43a30000 - 0x00007fff43a37000 	C:\WINDOWS\system32\MSIMG32.dll
0x00007fff2bd70000 - 0x00007fff2c60b000 	C:\WINDOWS\system32\SogouPy.ime
0x00007fff41ea0000 - 0x00007fff41f05000 	C:\WINDOWS\SYSTEM32\OLEACC.dll
0x00007fff44650000 - 0x00007fff44682000 	C:\WINDOWS\SYSTEM32\ntmarta.dll
0x0000000028810000 - 0x00000000288ed000 	E:\搜狗输入法\SogouInput\8.1.0.8588\Resource.dll
0x00007fff3dcc0000 - 0x00007fff3def6000 	E:\搜狗输入法\SogouInput\Components\PicFace\1.0.0.1503\PicFace64.dll
0x000000005a430000 - 0x000000005a441000 	C:\Program Files\Java\jdk1.8.0_73\jre\bin\nio.dll
0x000000005a400000 - 0x000000005a424000 	C:\Program Files\Java\jdk1.8.0_73\jre\bin\sunec.dll
0x00007fff448a0000 - 0x00007fff448bf000 	C:\WINDOWS\SYSTEM32\USERENV.dll
0x00007fff40ab0000 - 0x00007fff40ac6000 	C:\WINDOWS\SYSTEM32\dhcpcsvc6.DLL
0x00007fff40a90000 - 0x00007fff40aaa000 	C:\WINDOWS\SYSTEM32\dhcpcsvc.DLL
0x00007fff35e10000 - 0x00007fff35fa2000 	C:\WINDOWS\SYSTEM32\dbghelp.dll

VM Arguments:
jvm_args: -Dfile.encoding=UTF-8 
java_command: com.carpenter.http.ui.TinyClient
java_class_path (initial): C:\Users\Carpenter\workspace\ReliableUDP\bin;C:\Users\Carpenter\workspace\ReliableUDP\gson-2.8.0.jar
Launcher Type: SUN_STANDARD

Environment Variables:
JAVA_HOME=C:\Program Files\Java\jdk1.8.0_73
CLASSPATH=.;C:\Program Files\Java\jdk1.8.0_73\lib\dt.jar;C:\Program Files\Java\jdk1.8.0_73\lib\tools.jar
PATH=C:/Program Files/Java/jre1.8.0_111/bin/server;C:/Program Files/Java/jre1.8.0_111/bin;C:/Program Files/Java/jre1.8.0_111/lib/amd64;C:\ProgramData\Oracle\Java\javapath;C:\Python35\Scripts\;C:\Python35\;G:\OrcleDB\OrcleDataBase\app\oracle\product\11.2.0\server\bin;C:\WINDOWS\system32;C:\WINDOWS;C:\WINDOWS\System32\Wbem;C:\WINDOWS\System32\WindowsPowerShell\v1.0\;E:\MTL\runtime\win64;E:\MTL\bin;E:\MTL\polyspace\bin;E:\Git\cmd;G:\MinGW\bin;C:\Program Files\Java\jdk1.8.0_73\bin;C:\Program Files (x86)\MySQL\MySQL Fabric 1.5 & MySQL Utilities 1.5\;C:\Program Files (x86)\MySQL\MySQL Fabric 1.5 & MySQL Utilities 1.5\Doctrine extensions for PHP\;C:\Program Files (x86)\NVIDIA Corporation\PhysX\Common;C:\WINDOWS\system32\config\systemprofile\.dnx\bin;C:\Program Files\Microsoft DNX\Dnvm\;C:\Program Files (x86)\Windows Kits\8.1\Windows Performance Toolkit\;C:\Users\Carpenter\AppData\Local\Microsoft\WindowsApps;;G:\eclipse\eclipse;
USERNAME=Carpenter
OS=Windows_NT
PROCESSOR_IDENTIFIER=Intel64 Family 6 Model 60 Stepping 3, GenuineIntel



---------------  S Y S T E M  ---------------

OS: Windows 10.0 , 64 bit Build 14393 (10.0.14393.0)

CPU:total 4 (2 cores per cpu, 2 threads per core) family 6 model 60 stepping 3, cmov, cx8, fxsr, mmx, sse, sse2, sse3, ssse3, sse4.1, sse4.2, popcnt, avx, avx2, aes, clmul, erms, lzcnt, ht, tsc, tscinvbit, bmi1, bmi2

Memory: 4k page, physical 6205804k(1843704k free), swap 8565100k(2738976k free)

vm_info: Java HotSpot(TM) 64-Bit Server VM (25.73-b02) for windows-amd64 JRE (1.8.0_73-b02), built on Jan 29 2016 17:38:49 by "java_re" with MS VC++ 10.0 (VS2010)

time: Wed Dec 21 17:36:21 2016
elapsed time: 70 seconds (0d 0h 1m 10s)

